# JRE version: Java(TM) SE Runtime Environment (8.0_151-b12) (build 1.8.0_151-b12)
# Java VM: Java HotSpot(TM) 64-Bit Server VM (25.151-b12 mixed mode windows-amd64 compressed oops)
Heap:
 PSYoungGen      total 76288K, used 20183K [0x000000076b380000, 0x0000000770880000, 0x00000007c0000000)
  eden space 65536K, 19% used [0x000000076b380000,0x000000076bff1d20,0x000000076f380000)
  from space 10752K, 69% used [0x000000076fe00000,0x00000007705440f0,0x0000000770880000)
  to   space 10752K, 0% used [0x000000076f380000,0x000000076f380000,0x000000076fe00000)
 ParOldGen       total 132608K, used 11846K [0x00000006c1a00000, 0x00000006c9b80000, 0x000000076b380000)
  object space 132608K, 8% used [0x00000006c1a00000,0x00000006c2591830,0x00000006c9b80000)
 Metaspace       used 24522K, capacity 26044K, committed 26112K, reserved 1071104K
  class space    used 3266K, capacity 3572K, committed 3584K, reserved 1048576K
GC Heap History (6 events):
Event: 2.988 GC heap before
{Heap before GC invocations=1 (full 0):
 PSYoungGen      total 76288K, used 56484K [0x000000076b380000, 0x0000000770880000, 0x00000007c0000000)
  eden space 65536K, 86% used [0x000000076b380000,0x000000076eaa9218,0x000000076f380000)
  from space 10752K, 0% used [0x000000076fe00000,0x000000076fe00000,0x0000000770880000)
  to   space 10752K, 0% used [0x000000076f380000,0x000000076f380000,0x000000076fe00000)
 ParOldGen       total 175104K, used 0K [0x00000006c1a00000, 0x00000006cc500000, 0x000000076b380000)
  object space 175104K, 0% used [0x00000006c1a00000,0x00000006c1a00000,0x00000006cc500000)
 Metaspace       used 20217K, capacity 21198K, committed 21296K, reserved 1067008K
  class space    used 2906K, capacity 3124K, committed 3200K, reserved 1048576K
Event: 2.999 GC heap after
Heap after GC invocations=1 (full 0):
 PSYoungGen      total 76288K, used 10734K [0x000000076b380000, 0x0000000770880000, 0x00000007c0000000)
  eden space 65536K, 0% used [0x000000076b380000,0x000000076b380000,0x000000076f380000)
  from space 10752K, 99% used [0x000000076f380000,0x000000076fdfb910,0x000000076fe00000)
  to   space 10752K, 0% used [0x000000076fe00000,0x000000076fe00000,0x0000000770880000)
 ParOldGen       total 175104K, used 3296K [0x00000006c1a00000, 0x00000006cc500000, 0x000000076b380000)
  object space 175104K, 1% used [0x00000006c1a00000,0x00000006c1d38310,0x00000006cc500000)
 Metaspace       used 20217K, capacity 21198K, committed 21296K, reserved 1067008K
  class space    used 2906K, capacity 3124K, committed 3200K, reserved 1048576K
}
Event: 2.999 GC heap before
{Heap before GC invocations=2 (full 1):
 PSYoungGen      total 76288K, used 10734K [0x000000076b380000, 0x0000000770880000, 0x00000007c0000000)
  eden space 65536K, 0% used [0x000000076b380000,0x000000076b380000,0x000000076f380000)
  from space 10752K, 99% used [0x000000076f380000,0x000000076fdfb910,0x000000076fe00000)
  to   space 10752K, 0% used [0x000000076fe00000,0x000000076fe00000,0x0000000770880000)
 ParOldGen       total 175104K, used 3296K [0x00000006c1a00000, 0x00000006cc500000, 0x000000076b380000)
  object space 175104K, 1% used [0x00000006c1a00000,0x00000006c1d38310,0x00000006cc500000)
 Metaspace       used 20217K, capacity 21198K, committed 21296K, reserved 1067008K
  class space    used 2906K, capacity 3124K, committed 3200K, reserved 1048576K
Event: 3.043 GC heap after
Heap after GC invocations=2 (full 1):
 PSYoungGen      total 76288K, used 0K [0x000000076b380000, 0x0000000770880000, 0x00000007c0000000)
  eden space 65536K, 0% used [0x000000076b380000,0x000000076b380000,0x000000076f380000)
  from space 10752K, 0% used [0x000000076f380000,0x000000076f380000,0x000000076fe00000)
  to   space 10752K, 0% used [0x000000076fe00000,0x000000076fe00000,0x0000000770880000)
 ParOldGen       total 132608K, used 11838K [0x00000006c1a00000, 0x00000006c9b80000, 0x000000076b380000)
  object space 132608K, 8% used [0x00000006c1a00000,0x00000006c258f830,0x00000006c9b80000)
 Metaspace       used 20217K, capacity 21198K, committed 21296K, reserved 1067008K
  class space    used 2906K, capacity 3124K, committed 3200K, reserved 1048576K
}
Event: 107.292 GC heap before
{Heap before GC invocations=3 (full 1):
 PSYoungGen      total 76288K, used 65536K [0x000000076b380000, 0x0000000770880000, 0x00000007c0000000)
  eden space 65536K, 100% used [0x000000076b380000,0x000000076f380000,0x000000076f380000)
  from space 10752K, 0% used [0x000000076f380000,0x000000076f380000,0x000000076fe00000)
  to   space 10752K, 0% used [0x000000076fe00000,0x000000076fe00000,0x0000000770880000)
 ParOldGen       total 132608K, used 11838K [0x00000006c1a00000, 0x00000006c9b80000, 0x000000076b380000)
  object space 132608K, 8% used [0x00000006c1a00000,0x00000006c258f830,0x00000006c9b80000)
 Metaspace       used 24391K, capacity 25944K, committed 26112K, reserved 1071104K
  class space    used 3260K, capacity 3566K, committed 3584K, reserved 1048576K
Event: 107.301 GC heap after
Heap after GC invocations=3 (full 1):
 PSYoungGen      total 76288K, used 7440K [0x000000076b380000, 0x0000000770880000, 0x00000007c0000000)
  eden space 65536K, 0% used [0x000000076b380000,0x000000076b380000,0x000000076f380000)
  from space 10752K, 69% used [0x000000076fe00000,0x00000007705440f0,0x0000000770880000)
  to   space 10752K, 0% used [0x000000076f380000,0x000000076f380000,0x000000076fe00000)
 ParOldGen       total 132608K, used 11846K [0x00000006c1a00000, 0x00000006c9b80000, 0x000000076b380000)
  object space 132608K, 8% used [0x00000006c1a00000,0x00000006c2591830,0x00000006c9b80000)
 Metaspace       used 24391K, capacity 25944K, committed 26112K, reserved 1071104K
  class space    used 3260K, capacity 3566K, committed 3584K, reserved 1048576K
}

